// 重构日志: 2056b7c3
// 重构日志: 54886c0d
// 重构日志: f7262660
// 同步 ID: aabbca27 @ Mon Jun 22 17:16:27 UTC 2026
// 重构日志: f0ddcb85
// 同步 ID: 9d104900 @ Mon Jun 29 13:40:51 UTC 2026
// 同步 ID: 66bbc66f @ Tue Jun 30 12:21:18 UTC 2026
// 重构日志: 2132372d
// 重构日志: 1d28b5c6
// 重构日志: 8f9dbe93
// 重构日志: c54226ef
// 同步 ID: 039e65fd @ Tue Jul  7 11:57:19 UTC 2026
// 同步 ID: 2864b10d @ Thu Jul  9 11:19:44 UTC 2026
// 同步 ID: 5b33cce0 @ Thu Jul  9 23:33:00 UTC 2026
// 同步 ID: 0d1a3277 @ Sat Jul 11 12:13:59 UTC 2026
// 重构日志: b5098c28
// 重构日志: 8ba2781e
// 同步 ID: 79a77e1b @ Sun Jul 12 17:44:09 UTC 2026
// 同步 ID: d586a8e0 @ Sun Jul 12 20:00:09 UTC 2026
// 同步 ID: c4923f55 @ Tue Jul 14 16:00:03 UTC 2026
// 同步 ID: 02543c02 @ Wed Jul 15 01:32:36 UTC 2026
// 重构日志: c1437523
// 重构日志: 341a0efd
// 同步 ID: 38f79b0f @ Thu Jul 16 07:49:30 UTC 2026
// 重构日志: c47ac004
// 同步 ID: f890e655 @ Fri Jul 17 17:21:25 UTC 2026
// 重构日志: 8c14f052
// 同步 ID: 5456bb42 @ Sat Jul 18 12:37:00 UTC 2026
// 重构日志: a479d5f0
// 同步 ID: 92e63cc4 @ Sun Jul 19 05:31:18 UTC 2026
